08-Apr-2015 10:10:01.658 INFO [main] org.apache.catalina.startup.VersionLoggerListener.log Server version:        Apache Tomcat/8.0.18
08-Apr-2015 10:10:01.660 INFO [main] org.apache.catalina.startup.VersionLoggerListener.log Server built:          Jan 23 2015 11:56:07 UTC
08-Apr-2015 10:10:01.660 INFO [main] org.apache.catalina.startup.VersionLoggerListener.log Server number:         8.0.18.0
08-Apr-2015 10:10:01.660 INFO [main] org.apache.catalina.startup.VersionLoggerListener.log OS Name:               Linux
08-Apr-2015 10:10:01.660 INFO [main] org.apache.catalina.startup.VersionLoggerListener.log OS Version:            3.13.0-24-generic
08-Apr-2015 10:10:01.660 INFO [main] org.apache.catalina.startup.VersionLoggerListener.log Architecture:          amd64
08-Apr-2015 10:10:01.660 INFO [main] org.apache.catalina.startup.VersionLoggerListener.log Java Home:             /usr/lib/jvm/java-7-openjdk-amd64/jre
08-Apr-2015 10:10:01.661 INFO [main] org.apache.catalina.startup.VersionLoggerListener.log JVM Version:           1.7.0_55-b14
08-Apr-2015 10:10:01.661 INFO [main] org.apache.catalina.startup.VersionLoggerListener.log JVM Vendor:            Oracle Corporation
08-Apr-2015 10:10:01.661 INFO [main] org.apache.catalina.startup.VersionLoggerListener.log CATALINA_BASE:         /home/a/amorel/m1info/M1-S8/tomcattt/apache-tomcat-8.0.18
08-Apr-2015 10:10:01.661 INFO [main] org.apache.catalina.startup.VersionLoggerListener.log CATALINA_HOME:         /home/a/amorel/m1info/M1-S8/tomcattt/apache-tomcat-8.0.18
08-Apr-2015 10:10:01.762 INFO [main] org.apache.catalina.startup.VersionLoggerListener.log Command line argument: -Djava.util.logging.config.file=/home/a/amorel/m1info/M1-S8/tomcattt/apache-tomcat-8.0.18/conf/logging.properties
08-Apr-2015 10:10:01.762 INFO [main] org.apache.catalina.startup.VersionLoggerListener.log Command line argument: -Djava.util.logging.manager=org.apache.juli.ClassLoaderLogManager
08-Apr-2015 10:10:01.762 INFO [main] org.apache.catalina.startup.VersionLoggerListener.log Command line argument: -Djava.endorsed.dirs=/home/a/amorel/m1info/M1-S8/tomcattt/apache-tomcat-8.0.18/endorsed
08-Apr-2015 10:10:01.762 INFO [main] org.apache.catalina.startup.VersionLoggerListener.log Command line argument: -Dcatalina.base=/home/a/amorel/m1info/M1-S8/tomcattt/apache-tomcat-8.0.18
08-Apr-2015 10:10:01.762 INFO [main] org.apache.catalina.startup.VersionLoggerListener.log Command line argument: -Dcatalina.home=/home/a/amorel/m1info/M1-S8/tomcattt/apache-tomcat-8.0.18
08-Apr-2015 10:10:01.763 INFO [main] org.apache.catalina.startup.VersionLoggerListener.log Command line argument: -Djava.io.tmpdir=/home/a/amorel/m1info/M1-S8/tomcattt/apache-tomcat-8.0.18/temp
08-Apr-2015 10:10:01.763 INFO [main] org.apache.catalina.core.AprLifecycleListener.lifecycleEvent The APR based Apache Tomcat Native library which allows optimal performance in production environments was not found on the java.library.path: /usr/java/packages/lib/amd64:/usr/lib/x86_64-linux-gnu/jni:/lib/x86_64-linux-gnu:/usr/lib/x86_64-linux-gnu:/usr/lib/jni:/lib:/usr/lib
08-Apr-2015 10:10:03.289 INFO [main] org.apache.coyote.AbstractProtocol.init Initializing ProtocolHandler ["http-nio-8080"]
08-Apr-2015 10:10:03.326 INFO [main] org.apache.tomcat.util.net.NioSelectorPool.getSharedSelector Using a shared selector for servlet write/read
08-Apr-2015 10:10:03.336 INFO [main] org.apache.coyote.AbstractProtocol.init Initializing ProtocolHandler ["ajp-nio-8009"]
08-Apr-2015 10:10:03.339 INFO [main] org.apache.tomcat.util.net.NioSelectorPool.getSharedSelector Using a shared selector for servlet write/read
08-Apr-2015 10:10:03.339 INFO [main] org.apache.catalina.startup.Catalina.load Initialization processed in 3087 ms
08-Apr-2015 10:10:03.411 INFO [main] org.apache.catalina.core.StandardService.startInternal Démarrage du service Catalina
08-Apr-2015 10:10:03.412 INFO [main] org.apache.catalina.core.StandardEngine.startInternal Starting Servlet Engine: Apache Tomcat/8.0.18
08-Apr-2015 10:10:03.446 INFO [localhost-startStop-1] org.apache.catalina.startup.HostConfig.deployDirectory Déploiement du répertoire /home/a/amorel/m1info/M1-S8/tomcattt/apache-tomcat-8.0.18/webapps/.metadata de l'application web
08-Apr-2015 10:10:04.667 INFO [localhost-startStop-1] org.apache.jasper.servlet.TldScanner.scanJars At least one JAR was scanned for TLDs yet contained no TLDs. Enable debug logging for this logger for a complete list of JARs that were scanned but no TLDs were found in them. Skipping unneeded JARs during scanning can improve startup time and JSP compilation time.
08-Apr-2015 10:10:04.828 INFO [localhost-startStop-1] org.apache.catalina.startup.HostConfig.deployDirectory Deployment of web application directory /home/a/amorel/m1info/M1-S8/tomcattt/apache-tomcat-8.0.18/webapps/.metadata has finished in 1 376 ms
08-Apr-2015 10:10:04.829 INFO [localhost-startStop-1] org.apache.catalina.startup.HostConfig.deployDirectory Déploiement du répertoire /home/a/amorel/m1info/M1-S8/tomcattt/apache-tomcat-8.0.18/webapps/ROOT de l'application web
08-Apr-2015 10:10:05.086 INFO [localhost-startStop-1] org.apache.jasper.servlet.TldScanner.scanJars At least one JAR was scanned for TLDs yet contained no TLDs. Enable debug logging for this logger for a complete list of JARs that were scanned but no TLDs were found in them. Skipping unneeded JARs during scanning can improve startup time and JSP compilation time.
08-Apr-2015 10:10:05.173 INFO [localhost-startStop-1] org.apache.catalina.startup.HostConfig.deployDirectory Deployment of web application directory /home/a/amorel/m1info/M1-S8/tomcattt/apache-tomcat-8.0.18/webapps/ROOT has finished in 344 ms
08-Apr-2015 10:10:05.174 INFO [localhost-startStop-1] org.apache.catalina.startup.HostConfig.deployDirectory Déploiement du répertoire /home/a/amorel/m1info/M1-S8/tomcattt/apache-tomcat-8.0.18/webapps/RemoteSystemsTempFiles de l'application web
08-Apr-2015 10:10:05.472 INFO [localhost-startStop-1] org.apache.jasper.servlet.TldScanner.scanJars At least one JAR was scanned for TLDs yet contained no TLDs. Enable debug logging for this logger for a complete list of JARs that were scanned but no TLDs were found in them. Skipping unneeded JARs during scanning can improve startup time and JSP compilation time.
08-Apr-2015 10:10:05.486 INFO [localhost-startStop-1] org.apache.catalina.startup.HostConfig.deployDirectory Deployment of web application directory /home/a/amorel/m1info/M1-S8/tomcattt/apache-tomcat-8.0.18/webapps/RemoteSystemsTempFiles has finished in 312 ms
08-Apr-2015 10:10:05.500 INFO [main] org.apache.coyote.AbstractProtocol.start Starting ProtocolHandler ["http-nio-8080"]
08-Apr-2015 10:10:05.507 INFO [main] org.apache.coyote.AbstractProtocol.start Starting ProtocolHandler ["ajp-nio-8009"]
08-Apr-2015 10:10:05.510 INFO [main] org.apache.catalina.startup.Catalina.start Server startup in 2170 ms
